[debug] [2025-11-13T22:02:24.102Z] ----------------------------------------------------------------------
[debug] [2025-11-13T22:02:24.103Z] Command:       /usr/local/bin/node /Users/dawso/Desktop/beat-1/node_modules/.bin/firebase init hosting
[debug] [2025-11-13T22:02:24.104Z] CLI Version:   14.25.0
[debug] [2025-11-13T22:02:24.104Z] Platform:      darwin
[debug] [2025-11-13T22:02:24.104Z] Node Version:  v22.13.1
[debug] [2025-11-13T22:02:24.104Z] Time:          Thu Nov 13 2025 17:02:24 GMT-0500 (Eastern Standard Time)
[debug] [2025-11-13T22:02:24.104Z] ----------------------------------------------------------------------
[debug] 
[info] 
     ######## #### ########  ######## ########     ###     ######  ########
     ##        ##  ##     ## ##       ##     ##  ##   ##  ##       ##
     ######    ##  ########  ######   ########  #########  ######  ######
     ##        ##  ##    ##  ##       ##     ## ##     ##       ## ##
     ##       #### ##     ## ######## ########  ##     ##  ######  ########

You're about to initialize a Firebase project in this directory:

  /Users/dawso/Desktop/beat-1

[info] 
=== Project Setup
[info] 
[info] First, let's associate this project directory with a Firebase project.
[info] You can create multiple project aliases by running firebase use --add, 
[info] 
[debug] [2025-11-13T22:02:34.253Z] > command requires scopes: ["email","openid","https://www.googleapis.com/auth/cloudplatformprojects.readonly","https://www.googleapis.com/auth/firebase","https://www.googleapis.com/auth/cloud-platform"]
[debug] [2025-11-13T22:02:34.253Z] > authorizing via signed-in user (dawsonellab@gmail.com)
[debug] [2025-11-13T22:02:34.255Z] Checked if tokens are valid: true, expires at: 1763074775269
[debug] [2025-11-13T22:02:34.256Z] Checked if tokens are valid: true, expires at: 1763074775269
[debug] [2025-11-13T22:02:34.257Z] >>> [apiv2][query] GET https://firebase.googleapis.com/v1beta1/projects pageSize=100
[debug] [2025-11-13T22:02:34.737Z] <<< [apiv2][status] GET https://firebase.googleapis.com/v1beta1/projects 200
[debug] [2025-11-13T22:02:34.737Z] <<< [apiv2][body] GET https://firebase.googleapis.com/v1beta1/projects [omitted]
[info] 
=== Hosting Setup
[debug] [2025-11-13T22:02:39.789Z] Checked if tokens are valid: true, expires at: 1763074775269
[debug] [2025-11-13T22:02:39.790Z] Checked if tokens are valid: true, expires at: 1763074775269
[debug] [2025-11-13T22:02:39.790Z] >>> [apiv2][query] GET https://firebase.googleapis.com/v1beta1/projects/beat-e9fd0 [none]
[debug] [2025-11-13T22:02:40.146Z] <<< [apiv2][status] GET https://firebase.googleapis.com/v1beta1/projects/beat-e9fd0 200
[debug] [2025-11-13T22:02:40.146Z] <<< [apiv2][body] GET https://firebase.googleapis.com/v1beta1/projects/beat-e9fd0 {"projectId":"beat-e9fd0","projectNumber":"366084237755","displayName":"beat","name":"projects/beat-e9fd0","resources":{"hostingSite":"beat-e9fd0"},"state":"ACTIVE","etag":"1_2856468c-499a-451d-a7c9-0e7dd1db9e14"}
[info] 
[info] Your public directory is the folder (relative to your project directory) that
[info] will contain Hosting assets to be uploaded with firebase deploy. If you
[info] have a build process for your assets, use your build's output directory.
[info] 
